  main.cpp
H:\Программы на С++\graphForBeloded\main.cpp(18,6): warning C4326: возвращаемый тип "main" должен быть "int", а не "void"
H:\Программы на С++\graphForBeloded\main.cpp(78,14): warning C4244: =: преобразование "double" в "float", возможна потеря данных
H:\Программы на С++\graphForBeloded\main.cpp(78,57): warning C4305: +=: усечение из "double" в "float"
H:\Программы на С++\graphForBeloded\main.cpp(81,45): warning C4244: аргумент: преобразование "float" в "int", возможна потеря данных
H:\Программы на С++\graphForBeloded\main.cpp(81,30): warning C4244: аргумент: преобразование "float" в "int", возможна потеря данных
H:\Программы на С++\graphForBeloded\main.cpp(85,14): warning C4244: =: преобразование "double" в "float", возможна потеря данных
H:\Программы на С++\graphForBeloded\main.cpp(85,57): warning C4305: +=: усечение из "double" в "float"
H:\Программы на С++\graphForBeloded\main.cpp(88,45): warning C4244: аргумент: преобразование "float" в "int", возможна потеря данных
H:\Программы на С++\graphForBeloded\main.cpp(88,30): warning C4244: аргумент: преобразование "float" в "int", возможна потеря данных
H:\Программы на С++\graphForBeloded\main.cpp(92,14): warning C4244: =: преобразование "double" в "float", возможна потеря данных
H:\Программы на С++\graphForBeloded\main.cpp(92,57): warning C4305: +=: усечение из "double" в "float"
H:\Программы на С++\graphForBeloded\main.cpp(95,45): warning C4244: аргумент: преобразование "float" в "int", возможна потеря данных
H:\Программы на С++\graphForBeloded\main.cpp(95,30): warning C4244: аргумент: преобразование "float" в "int", возможна потеря данных
H:\Программы на С++\graphForBeloded\main.cpp(99,14): warning C4244: =: преобразование "double" в "float", возможна потеря данных
H:\Программы на С++\graphForBeloded\main.cpp(99,57): warning C4305: +=: усечение из "double" в "float"
H:\Программы на С++\graphForBeloded\main.cpp(102,45): warning C4244: аргумент: преобразование "float" в "int", возможна потеря данных
H:\Программы на С++\graphForBeloded\main.cpp(102,30): warning C4244: аргумент: преобразование "float" в "int", возможна потеря данных
H:\Программы на С++\graphForBeloded\main.cpp(106,14): warning C4244: =: преобразование "double" в "float", возможна потеря данных
H:\Программы на С++\graphForBeloded\main.cpp(106,57): warning C4305: +=: усечение из "double" в "float"
H:\Программы на С++\graphForBeloded\main.cpp(109,45): warning C4244: аргумент: преобразование "float" в "int", возможна потеря данных
H:\Программы на С++\graphForBeloded\main.cpp(109,30): warning C4244: аргумент: преобразование "float" в "int", возможна потеря данных
  graphForBeloded.vcxproj -> H:\Программы на С++\graphForBeloded\x64\Debug\graphForBeloded.exe
